<?xml version="1.0" encoding="UTF-8"?>
<!-- Generated by org.testng.reporters.JUnitReportReporter -->
<testsuite name="GitLogin" tests="1" time="3.315" ignored="0" failures="0" timestamp="20 Mar 2017 23:48:43 GMT" skipped="0" hostname="Vitaliis-MacBook-Pro.local" errors="0">
  <testcase name="testGit" time="3.315" classname="GitLogin"/>
</testsuite> <!-- GitLogin -->
