<?xml version="1.0" encoding="UTF-8"?>
<!-- Generated by org.testng.reporters.JUnitReportReporter -->
<testsuite name="CreateRepo" tests="1" time="4.662" ignored="0" failures="0" timestamp="21 Mar 2017 02:27:36 GMT" skipped="0" hostname="Vitaliis-MacBook-Pro.local" errors="0">
  <testcase name="testGit" time="4.662" classname="CreateRepo"/>
</testsuite> <!-- CreateRepo -->
